[2015-05-22 17:45:19] production.ERROR: exception 'PDOException' with message 'SQLSTATE[HY000] [2002] No connection could be made because the target machine actively refused it.
' in D:\Program Files\xampp\htdocs\laravel\vendor\laravel\framework\src\Illuminate\Database\Connectors\Connector.php:47
Stack trace:
#0 D:\Program Files\xampp\htdocs\laravel\vendor\laravel\framework\src\Illuminate\Database\Connectors\Connector.php(47): PDO->__construct('mysql:host=loca...', 'forge', '', Array)
#1 D:\Program Files\xampp\htdocs\laravel\vendor\laravel\framework\src\Illuminate\Database\Connectors\MySqlConnector.php(20): Illuminate\Database\Connectors\Connector->createConnection('mysql:host=loca...', Array, Array)
#2 D:\Program Files\xampp\htdocs\laravel\vendor\compiled.php(10805): Illuminate\Database\Connectors\MySqlConnector->connect(Array)
#3 D:\Program Files\xampp\htdocs\laravel\vendor\compiled.php(10801): Illuminate\Database\Connectors\ConnectionFactory->createSingleConnection(Array)
#4 D:\Program Files\xampp\htdocs\laravel\vendor\compiled.php(10719): Illuminate\Database\Connectors\ConnectionFactory->make(Array, 'mysql')
#5 D:\Program Files\xampp\htdocs\laravel\vendor\compiled.php(10674): Illuminate\Database\DatabaseManager->makeConnection('mysql')
#6 D:\Program Files\xampp\htdocs\laravel\vendor\laravel\framework\src\Illuminate\Database\Migrations\DatabaseMigrationRepository.php(167): Illuminate\Database\DatabaseManager->connection(NULL)
#7 D:\Program Files\xampp\htdocs\laravel\vendor\laravel\framework\src\Illuminate\Database\Migrations\DatabaseMigrationRepository.php(135): Illuminate\Database\Migrations\DatabaseMigrationRepository->getConnection()
#8 D:\Program Files\xampp\htdocs\laravel\vendor\laravel\framework\src\Illuminate\Database\Migrations\Migrator.php(398): Illuminate\Database\Migrations\DatabaseMigrationRepository->repositoryExists()
#9 D:\Program Files\xampp\htdocs\laravel\vendor\laravel\framework\src\Illuminate\Database\Console\Migrations\MigrateCommand.php(101): Illuminate\Database\Migrations\Migrator->repositoryExists()
#10 D:\Program Files\xampp\htdocs\laravel\vendor\laravel\framework\src\Illuminate\Database\Console\Migrations\MigrateCommand.php(54): Illuminate\Database\Console\Migrations\MigrateCommand->prepareDatabase()
#11 [internal function]: Illuminate\Database\Console\Migrations\MigrateCommand->fire()
#12 D:\Program Files\xampp\htdocs\laravel\vendor\compiled.php(925): call_user_func_array(Array, Array)
#13 D:\Program Files\xampp\htdocs\laravel\vendor\laravel\framework\src\Illuminate\Console\Command.php(115): Illuminate\Container\Container->call(Array)
#14 D:\Program Files\xampp\htdocs\laravel\vendor\symfony\console\Symfony\Component\Console\Command\Command.php(257): Illuminate\Console\Command->execute(Object(Symfony\Component\Console\Input\ArgvInput), Object(Symfony\Component\Console\Output\ConsoleOutput))
#15 D:\Program Files\xampp\htdocs\laravel\vendor\laravel\framework\src\Illuminate\Console\Command.php(101): Symfony\Component\Console\Command\Command->run(Object(Symfony\Component\Console\Input\ArgvInput), Object(Symfony\Component\Console\Output\ConsoleOutput))
#16 D:\Program Files\xampp\htdocs\laravel\vendor\symfony\console\Symfony\Component\Console\Application.php(874): Illuminate\Console\Command->run(Object(Symfony\Component\Console\Input\ArgvInput), Object(Symfony\Component\Console\Output\ConsoleOutput))
#17 D:\Program Files\xampp\htdocs\laravel\vendor\symfony\console\Symfony\Component\Console\Application.php(195): Symfony\Component\Console\Application->doRunCommand(Object(Illuminate\Database\Console\Migrations\MigrateCommand), Object(Symfony\Component\Console\Input\ArgvInput), Object(Symfony\Component\Console\Output\ConsoleOutput))
#18 D:\Program Files\xampp\htdocs\laravel\vendor\symfony\console\Symfony\Component\Console\Application.php(126): Symfony\Component\Console\Application->doRun(Object(Symfony\Component\Console\Input\ArgvInput), Object(Symfony\Component\Console\Output\ConsoleOutput))
#19 D:\Program Files\xampp\htdocs\laravel\vendor\laravel\framework\src\Illuminate\Foundation\Console\Kernel.php(94): Symfony\Component\Console\Application->run(Object(Symfony\Component\Console\Input\ArgvInput), Object(Symfony\Component\Console\Output\ConsoleOutput))
#20 D:\Program Files\xampp\htdocs\laravel\artisan(36): Illuminate\Foundation\Console\Kernel->handle(Object(Symfony\Component\Console\Input\ArgvInput), Object(Symfony\Component\Console\Output\ConsoleOutput))
#21 {main}  
[2015-05-22 17:45:42] production.ERROR: exception 'PDOException' with message 'SQLSTATE[HY000] [1044] Access denied for user ''@'localhost' to database 'forge'' in D:\Program Files\xampp\htdocs\laravel\vendor\laravel\framework\src\Illuminate\Database\Connectors\Connector.php:47
Stack trace:
#0 D:\Program Files\xampp\htdocs\laravel\vendor\laravel\framework\src\Illuminate\Database\Connectors\Connector.php(47): PDO->__construct('mysql:host=loca...', 'forge', '', Array)
#1 D:\Program Files\xampp\htdocs\laravel\vendor\laravel\framework\src\Illuminate\Database\Connectors\MySqlConnector.php(20): Illuminate\Database\Connectors\Connector->createConnection('mysql:host=loca...', Array, Array)
#2 D:\Program Files\xampp\htdocs\laravel\vendor\compiled.php(10805): Illuminate\Database\Connectors\MySqlConnector->connect(Array)
#3 D:\Program Files\xampp\htdocs\laravel\vendor\compiled.php(10801): Illuminate\Database\Connectors\ConnectionFactory->createSingleConnection(Array)
#4 D:\Program Files\xampp\htdocs\laravel\vendor\compiled.php(10719): Illuminate\Database\Connectors\ConnectionFactory->make(Array, 'mysql')
#5 D:\Program Files\xampp\htdocs\laravel\vendor\compiled.php(10674): Illuminate\Database\DatabaseManager->makeConnection('mysql')
#6 D:\Program Files\xampp\htdocs\laravel\vendor\laravel\framework\src\Illuminate\Database\Migrations\DatabaseMigrationRepository.php(167): Illuminate\Database\DatabaseManager->connection(NULL)
#7 D:\Program Files\xampp\htdocs\laravel\vendor\laravel\framework\src\Illuminate\Database\Migrations\DatabaseMigrationRepository.php(135): Illuminate\Database\Migrations\DatabaseMigrationRepository->getConnection()
#8 D:\Program Files\xampp\htdocs\laravel\vendor\laravel\framework\src\Illuminate\Database\Migrations\Migrator.php(398): Illuminate\Database\Migrations\DatabaseMigrationRepository->repositoryExists()
#9 D:\Program Files\xampp\htdocs\laravel\vendor\laravel\framework\src\Illuminate\Database\Console\Migrations\MigrateCommand.php(101): Illuminate\Database\Migrations\Migrator->repositoryExists()
#10 D:\Program Files\xampp\htdocs\laravel\vendor\laravel\framework\src\Illuminate\Database\Console\Migrations\MigrateCommand.php(54): Illuminate\Database\Console\Migrations\MigrateCommand->prepareDatabase()
#11 [internal function]: Illuminate\Database\Console\Migrations\MigrateCommand->fire()
#12 D:\Program Files\xampp\htdocs\laravel\vendor\compiled.php(925): call_user_func_array(Array, Array)
#13 D:\Program Files\xampp\htdocs\laravel\vendor\laravel\framework\src\Illuminate\Console\Command.php(115): Illuminate\Container\Container->call(Array)
#14 D:\Program Files\xampp\htdocs\laravel\vendor\symfony\console\Symfony\Component\Console\Command\Command.php(257): Illuminate\Console\Command->execute(Object(Symfony\Component\Console\Input\ArgvInput), Object(Symfony\Component\Console\Output\ConsoleOutput))
#15 D:\Program Files\xampp\htdocs\laravel\vendor\laravel\framework\src\Illuminate\Console\Command.php(101): Symfony\Component\Console\Command\Command->run(Object(Symfony\Component\Console\Input\ArgvInput), Object(Symfony\Component\Console\Output\ConsoleOutput))
#16 D:\Program Files\xampp\htdocs\laravel\vendor\symfony\console\Symfony\Component\Console\Application.php(874): Illuminate\Console\Command->run(Object(Symfony\Component\Console\Input\ArgvInput), Object(Symfony\Component\Console\Output\ConsoleOutput))
#17 D:\Program Files\xampp\htdocs\laravel\vendor\symfony\console\Symfony\Component\Console\Application.php(195): Symfony\Component\Console\Application->doRunCommand(Object(Illuminate\Database\Console\Migrations\MigrateCommand), Object(Symfony\Component\Console\Input\ArgvInput), Object(Symfony\Component\Console\Output\ConsoleOutput))
#18 D:\Program Files\xampp\htdocs\laravel\vendor\symfony\console\Symfony\Component\Console\Application.php(126): Symfony\Component\Console\Application->doRun(Object(Symfony\Component\Console\Input\ArgvInput), Object(Symfony\Component\Console\Output\ConsoleOutput))
#19 D:\Program Files\xampp\htdocs\laravel\vendor\laravel\framework\src\Illuminate\Foundation\Console\Kernel.php(94): Symfony\Component\Console\Application->run(Object(Symfony\Component\Console\Input\ArgvInput), Object(Symfony\Component\Console\Output\ConsoleOutput))
#20 D:\Program Files\xampp\htdocs\laravel\artisan(36): Illuminate\Foundation\Console\Kernel->handle(Object(Symfony\Component\Console\Input\ArgvInput), Object(Symfony\Component\Console\Output\ConsoleOutput))
#21 {main}  
